Started GET "/" for 127.0.0.1 at 2017-06-21 11:05:21 +0200
  
ActiveRecord::PendingMigrationError (

Migrations are pending. To resolve this issue, run:

        bin/rails db:migrate RAILS_ENV=development

):
  
activerecord (5.1.1) lib/active_record/migration.rb:576:in `check_pending!'
activerecord (5.1.1) lib/active_record/migration.rb:553:in `call'
actionpack (5.1.1) lib/action_dispatch/middleware/callbacks.rb:26:in `block in call'
activesupport (5.1.1) lib/active_support/callbacks.rb:97:in `run_callbacks'
actionpack (5.1.1) lib/action_dispatch/middleware/callbacks.rb:24:in `call'
actionpack (5.1.1) lib/action_dispatch/middleware/executor.rb:12:in `call'
actionpack (5.1.1) lib/action_dispatch/middleware/debug_exceptions.rb:59:in `call'
web-console (3.5.1) lib/web_console/middleware.rb:135:in `call_app'
web-console (3.5.1) lib/web_console/middleware.rb:28:in `block in call'
web-console (3.5.1) lib/web_console/middleware.rb:18:in `catch'
web-console (3.5.1) lib/web_console/middleware.rb:18:in `call'
actionpack (5.1.1) lib/action_dispatch/middleware/show_exceptions.rb:31:in `call'
railties (5.1.1) lib/rails/rack/logger.rb:36:in `call_app'
railties (5.1.1) lib/rails/rack/logger.rb:24:in `block in call'
activesupport (5.1.1) lib/active_support/tagged_logging.rb:69:in `block in tagged'
activesupport (5.1.1) lib/active_support/tagged_logging.rb:26:in `tagged'
activesupport (5.1.1) lib/active_support/tagged_logging.rb:69:in `tagged'
railties (5.1.1) lib/rails/rack/logger.rb:24:in `call'
sprockets-rails (3.2.0) lib/sprockets/rails/quiet_assets.rb:13:in `call'
actionpack (5.1.1) lib/action_dispatch/middleware/remote_ip.rb:79:in `call'
actionpack (5.1.1) lib/action_dispatch/middleware/request_id.rb:25:in `call'
rack (2.0.3) lib/rack/method_override.rb:22:in `call'
rack (2.0.3) lib/rack/runtime.rb:22:in `call'
activesupport (5.1.1) lib/active_support/cache/strategy/local_cache_middleware.rb:27:in `call'
actionpack (5.1.1) lib/action_dispatch/middleware/executor.rb:12:in `call'
actionpack (5.1.1) lib/action_dispatch/middleware/static.rb:125:in `call'
rack (2.0.3) lib/rack/sendfile.rb:111:in `call'
railties (5.1.1) lib/rails/engine.rb:522:in `call'
puma (3.8.2) lib/puma/configuration.rb:224:in `call'
puma (3.8.2) lib/puma/server.rb:600:in `handle_request'
puma (3.8.2) lib/puma/server.rb:435:in `process_client'
puma (3.8.2) lib/puma/server.rb:299:in `block in run'
puma (3.8.2) lib/puma/thread_pool.rb:120:in `block in spawn_thread'
  [1m[35m (0.1ms)[0m  [1m[34mSELECT sqlite_version(*)[0m
  [1m[35m (3.0ms)[0m  [1m[35mCREATE TABLE "schema_migrations" ("version" varchar NOT NULL PRIMARY KEY)[0m
  [1m[35m (1.0ms)[0m  [1m[35mCREATE TABLE "ar_internal_metadata" ("key" varchar NOT NULL PRIMARY KEY, "value" varchar, "created_at" datetime NOT NULL, "updated_at" datetime NOT NULL)[0m
  [1m[35m (0.1ms)[0m  [1m[34mSELECT "schema_migrations"."version" FROM "schema_migrations" ORDER BY "schema_migrations"."version" ASC[0m
Migrating to DeviseCreateUsers (20170518192937)
  [1m[35m (0.1ms)[0m  [1m[36mbegin transaction[0m
  [1m[35m (0.4ms)[0m  [1m[35mCREATE TABLE "users" ("id" INTEGER PRIMARY KEY AUTOINCREMENT NOT NULL, "email" varchar DEFAULT '' NOT NULL, "encrypted_password" varchar DEFAULT '' NOT NULL, "reset_password_token" varchar, "reset_password_sent_at" datetime, "remember_created_at" datetime, "sign_in_count" integer DEFAULT 0 NOT NULL, "current_sign_in_at" datetime, "last_sign_in_at" datetime, "current_sign_in_ip" varchar, "last_sign_in_ip" varchar, "created_at" datetime NOT NULL, "updated_at" datetime NOT NULL)[0m
  [1m[35m (0.1ms)[0m  [1m[35mCREATE UNIQUE INDEX "index_users_on_email" ON "users" ("email")[0m
  [1m[35m (0.0ms)[0m  [1m[34m            SELECT sql
            FROM sqlite_master
            WHERE name='index_users_on_email' AND type='index'
            UNION ALL
            SELECT sql
            FROM sqlite_temp_master
            WHERE name='index_users_on_email' AND type='index'
[0m
  [1m[35m (0.1ms)[0m  [1m[35mCREATE UNIQUE INDEX "index_users_on_reset_password_token" ON "users" ("reset_password_token")[0m
  [1m[35mSQL (0.1ms)[0m  [1m[32mINSERT INTO "schema_migrations" ("version") VALUES (?)[0m  [["version", "20170518192937"]]
  [1m[35m (1.0ms)[0m  [1m[36mcommit transaction[0m
Migrating to AddOmniauthToUsers (20170518194205)
  [1m[35m (0.1ms)[0m  [1m[36mbegin transaction[0m
  [1m[35m (0.4ms)[0m  [1m[35mALTER TABLE "users" ADD "provider" varchar[0m
  [1m[35m (0.0ms)[0m  [1m[34m            SELECT sql
            FROM sqlite_master
            WHERE name='index_users_on_reset_password_token' AND type='index'
            UNION ALL
            SELECT sql
            FROM sqlite_temp_master
            WHERE name='index_users_on_reset_password_token' AND type='index'
[0m
  [1m[35m (0.0ms)[0m  [1m[34m            SELECT sql
            FROM sqlite_master
            WHERE name='index_users_on_email' AND type='index'
            UNION ALL
            SELECT sql
            FROM sqlite_temp_master
            WHERE name='index_users_on_email' AND type='index'
[0m
  [1m[35m (0.1ms)[0m  [1m[35mCREATE  INDEX "index_users_on_provider" ON "users" ("provider")[0m
  [1m[35m (0.1ms)[0m  [1m[35mALTER TABLE "users" ADD "uid" varchar[0m
  [1m[35m (0.0ms)[0m  [1m[34m            SELECT sql
            FROM sqlite_master
            WHERE name='index_users_on_provider' AND type='index'
            UNION ALL
            SELECT sql
            FROM sqlite_temp_master
            WHERE name='index_users_on_provider' AND type='index'
[0m
  [1m[35m (0.1ms)[0m  [1m[34m            SELECT sql
            FROM sqlite_master
            WHERE name='index_users_on_reset_password_token' AND type='index'
            UNION ALL
            SELECT sql
            FROM sqlite_temp_master
            WHERE name='index_users_on_reset_password_token' AND type='index'
[0m
  [1m[35m (0.0ms)[0m  [1m[34m            SELECT sql
            FROM sqlite_master
            WHERE name='index_users_on_email' AND type='index'
            UNION ALL
            SELECT sql
            FROM sqlite_temp_master
            WHERE name='index_users_on_email' AND type='index'
[0m
  [1m[35m (0.1ms)[0m  [1m[35mCREATE  INDEX "index_users_on_uid" ON "users" ("uid")[0m
  [1m[35mSQL (0.1ms)[0m  [1m[32mINSERT INTO "schema_migrations" ("version") VALUES (?)[0m  [["version", "20170518194205"]]
  [1m[35m (0.7ms)[0m  [1m[36mcommit transaction[0m
Migrating to AddUsernameToUsers (20170520142619)
  [1m[35m (0.1ms)[0m  [1m[36mbegin transaction[0m
  [1m[35m (0.6ms)[0m  [1m[35mALTER TABLE "users" ADD "username" varchar[0m
  [1m[35mSQL (0.1ms)[0m  [1m[32mINSERT INTO "schema_migrations" ("version") VALUES (?)[0m  [["version", "20170520142619"]]
  [1m[35m (0.5ms)[0m  [1m[36mcommit transaction[0m
Migrating to AddConfirmableToDevise (20170520193223)
  [1m[35m (0.0ms)[0m  [1m[36mbegin transaction[0m
  [1m[35m (0.2ms)[0m  [1m[35mALTER TABLE "users" ADD "confirmation_token" varchar[0m
  [1m[35m (0.1ms)[0m  [1m[35mALTER TABLE "users" ADD "confirmed_at" datetime[0m
  [1m[35m (0.1ms)[0m  [1m[35mALTER TABLE "users" ADD "confirmation_sent_at" datetime[0m
  [1m[35m (0.1ms)[0m  [1m[34m            SELECT sql
            FROM sqlite_master
            WHERE name='index_users_on_uid' AND type='index'
            UNION ALL
            SELECT sql
            FROM sqlite_temp_master
            WHERE name='index_users_on_uid' AND type='index'
[0m
  [1m[35m (0.0ms)[0m  [1m[34m            SELECT sql
            FROM sqlite_master
            WHERE name='index_users_on_provider' AND type='index'
            UNION ALL
            SELECT sql
            FROM sqlite_temp_master
            WHERE name='index_users_on_provider' AND type='index'
[0m
  [1m[35m (0.0ms)[0m  [1m[34m            SELECT sql
            FROM sqlite_master
            WHERE name='index_users_on_reset_password_token' AND type='index'
            UNION ALL
            SELECT sql
            FROM sqlite_temp_master
            WHERE name='index_users_on_reset_password_token' AND type='index'
[0m
  [1m[35m (0.0ms)[0m  [1m[34m            SELECT sql
            FROM sqlite_master
            WHERE name='index_users_on_email' AND type='index'
            UNION ALL
            SELECT sql
            FROM sqlite_temp_master
            WHERE name='index_users_on_email' AND type='index'
[0m
  [1m[35m (0.2ms)[0m  [1m[35mCREATE UNIQUE INDEX "index_users_on_confirmation_token" ON "users" ("confirmation_token")[0m
  [1m[35mSQL (0.1ms)[0m  [1m[32mINSERT INTO "schema_migrations" ("version") VALUES (?)[0m  [["version", "20170520193223"]]
  [1m[35m (0.6ms)[0m  [1m[36mcommit transaction[0m
Migrating to AddDescriptionToUsers (20170521171406)
  [1m[35m (0.0ms)[0m  [1m[36mbegin transaction[0m
  [1m[35m (0.3ms)[0m  [1m[35mALTER TABLE "users" ADD "description" text[0m
  [1m[35mSQL (0.1ms)[0m  [1m[32mINSERT INTO "schema_migrations" ("version") VALUES (?)[0m  [["version", "20170521171406"]]
  [1m[35m (0.5ms)[0m  [1m[36mcommit transaction[0m
Migrating to CreateRooms (20170522091552)
  [1m[35m (0.0ms)[0m  [1m[36mbegin transaction[0m
  [1m[35m (0.2ms)[0m  [1m[35mCREATE TABLE "rooms" ("id" INTEGER PRIMARY KEY AUTOINCREMENT NOT NULL, "home_type" varchar, "room_type" varchar, "capacity" integer, "bed_rooms" integer, "bath_rooms" integer, "listing_name" varchar, "summary" text, "address" varchar, "price" integer, "active" boolean, "city_id" integer, "user_id" integer, "created_at" datetime NOT NULL, "updated_at" datetime NOT NULL)[0m
  [1m[35mSQL (0.1ms)[0m  [1m[32mINSERT INTO "schema_migrations" ("version") VALUES (?)[0m  [["version", "20170522091552"]]
  [1m[35m (0.5ms)[0m  [1m[36mcommit transaction[0m
Migrating to CreateCities (20170522093430)
  [1m[35m (0.0ms)[0m  [1m[36mbegin transaction[0m
  [1m[35m (0.2ms)[0m  [1m[35mCREATE TABLE "cities" ("id" INTEGER PRIMARY KEY AUTOINCREMENT NOT NULL, "name" varchar, "country" varchar, "created_at" datetime NOT NULL, "updated_at" datetime NOT NULL)[0m
  [1m[35mSQL (0.1ms)[0m  [1m[32mINSERT INTO "schema_migrations" ("version") VALUES (?)[0m  [["version", "20170522093430"]]
  [1m[35m (0.5ms)[0m  [1m[36mcommit transaction[0m
Migrating to CreateReservations (20170523090505)
  [1m[35m (0.0ms)[0m  [1m[36mbegin transaction[0m
  [1m[35m (0.2ms)[0m  [1m[35mCREATE TABLE "reservations" ("id" INTEGER PRIMARY KEY AUTOINCREMENT NOT NULL, "user_id" integer, "room_id" integer, "start_date" datetime, "end_date" datetime, "price" integer, "total" integer, "created_at" datetime NOT NULL, "updated_at" datetime NOT NULL, CONSTRAINT "fk_rails_48a92fce51"
FOREIGN KEY ("user_id")
  REFERENCES "users" ("id")
, CONSTRAINT "fk_rails_78d1025283"
FOREIGN KEY ("room_id")
  REFERENCES "rooms" ("id")
)[0m
  [1m[35m (0.1ms)[0m  [1m[35mCREATE  INDEX "index_reservations_on_user_id" ON "reservations" ("user_id")[0m
  [1m[35m (0.0ms)[0m  [1m[34m            SELECT sql
            FROM sqlite_master
            WHERE name='index_reservations_on_user_id' AND type='index'
            UNION ALL
            SELECT sql
            FROM sqlite_temp_master
            WHERE name='index_reservations_on_user_id' AND type='index'
[0m
  [1m[35m (0.1ms)[0m  [1m[35mCREATE  INDEX "index_reservations_on_room_id" ON "reservations" ("room_id")[0m
  [1m[35mSQL (0.1ms)[0m  [1m[32mINSERT INTO "schema_migrations" ("version") VALUES (?)[0m  [["version", "20170523090505"]]
  [1m[35m (0.6ms)[0m  [1m[36mcommit transaction[0m
  [1m[36mActiveRecord::InternalMetadata Load (0.1ms)[0m  [1m[34mSELECT  "ar_internal_metadata".* FROM "ar_internal_metadata" WHERE "ar_internal_metadata"."key" = ? LIMIT ?[0m  [["key", "environment"], ["LIMIT", 1]]
  [1m[35m (0.0ms)[0m  [1m[36mbegin transaction[0m
  [1m[35mSQL (0.2ms)[0m  [1m[32mINSERT INTO "ar_internal_metadata" ("key", "value", "created_at", "updated_at") VALUES (?, ?, ?, ?)[0m  [["key", "environment"], ["value", "development"], ["created_at", "2017-06-21 09:05:35.023005"], ["updated_at", "2017-06-21 09:05:35.023005"]]
  [1m[35m (0.4ms)[0m  [1m[36mcommit transaction[0m
  [1m[35m (0.1ms)[0m  [1m[34mSELECT "schema_migrations"."version" FROM "schema_migrations" ORDER BY "schema_migrations"."version" ASC[0m
  [1m[35m (0.1ms)[0m  [1m[34m            SELECT sql
            FROM sqlite_master
            WHERE name='index_reservations_on_room_id' AND type='index'
            UNION ALL
            SELECT sql
            FROM sqlite_temp_master
            WHERE name='index_reservations_on_room_id' AND type='index'
[0m
  [1m[35m (0.1ms)[0m  [1m[34m            SELECT sql
            FROM sqlite_master
            WHERE name='index_reservations_on_user_id' AND type='index'
            UNION ALL
            SELECT sql
            FROM sqlite_temp_master
            WHERE name='index_reservations_on_user_id' AND type='index'
[0m
  [1m[35m (0.1ms)[0m  [1m[34m            SELECT sql
            FROM sqlite_master
            WHERE name='index_users_on_confirmation_token' AND type='index'
            UNION ALL
            SELECT sql
            FROM sqlite_temp_master
            WHERE name='index_users_on_confirmation_token' AND type='index'
[0m
  [1m[35m (0.1ms)[0m  [1m[34m            SELECT sql
            FROM sqlite_master
            WHERE name='index_users_on_uid' AND type='index'
            UNION ALL
            SELECT sql
            FROM sqlite_temp_master
            WHERE name='index_users_on_uid' AND type='index'
[0m
  [1m[35m (0.1ms)[0m  [1m[34m            SELECT sql
            FROM sqlite_master
            WHERE name='index_users_on_provider' AND type='index'
            UNION ALL
            SELECT sql
            FROM sqlite_temp_master
            WHERE name='index_users_on_provider' AND type='index'
[0m
  [1m[35m (0.1ms)[0m  [1m[34m            SELECT sql
            FROM sqlite_master
            WHERE name='index_users_on_reset_password_token' AND type='index'
            UNION ALL
            SELECT sql
            FROM sqlite_temp_master
            WHERE name='index_users_on_reset_password_token' AND type='index'
[0m
  [1m[35m (0.1ms)[0m  [1m[34m            SELECT sql
            FROM sqlite_master
            WHERE name='index_users_on_email' AND type='index'
            UNION ALL
            SELECT sql
            FROM sqlite_temp_master
            WHERE name='index_users_on_email' AND type='index'
[0m
Started GET "/" for 127.0.0.1 at 2017-06-21 11:05:41 +0200
  [1m[35m (0.1ms)[0m  [1m[34mSELECT "schema_migrations"."version" FROM "schema_migrations" ORDER BY "schema_migrations"."version" ASC[0m
Processing by StaticController#home as HTML
Completed 401 Unauthorized in 18ms (ActiveRecord: 0.0ms)


Started GET "/login" for 127.0.0.1 at 2017-06-21 11:05:41 +0200
Processing by Devise::SessionsController#new as HTML
  Rendering devise/sessions/new.html.erb within layouts/application
  Rendered devise/sessions/new.html.erb within layouts/application (11.1ms)
  Rendered layouts/_navbar.html.erb (1.6ms) [cache miss]
  Rendered layouts/_messages.html.erb (0.7ms) [cache miss]
Completed 200 OK in 3285ms (Views: 3258.3ms | ActiveRecord: 0.7ms)


Started GET "/sign_up" for 127.0.0.1 at 2017-06-21 11:05:49 +0200
Processing by RegistrationsController#new as HTML
  Rendering devise/registrations/new.html.erb within layouts/application
  Rendered devise/registrations/new.html.erb within layouts/application (2.2ms)
  Rendered layouts/_navbar.html.erb (0.9ms) [cache miss]
  Rendered layouts/_messages.html.erb (0.5ms) [cache miss]
Completed 200 OK in 66ms (Views: 65.2ms | ActiveRecord: 0.0ms)


Started GET "/auth/facebook" for 127.0.0.1 at 2017-06-21 11:05:50 +0200
Started GET "/auth/facebook" for 127.0.0.1 at 2017-06-21 11:05:50 +0200
Started GET "/" for 127.0.0.1 at 2017-06-21 11:18:27 +0200
  [1m[35m (0.5ms)[0m  [1m[34mSELECT "schema_migrations"."version" FROM "schema_migrations" ORDER BY "schema_migrations"."version" ASC[0m
Processing by StaticController#home as HTML
Completed 401 Unauthorized in 15ms (ActiveRecord: 0.0ms)


Started GET "/login" for 127.0.0.1 at 2017-06-21 11:18:27 +0200
Processing by Devise::SessionsController#new as HTML
  Rendering devise/sessions/new.html.erb within layouts/application
  Rendered devise/sessions/new.html.erb within layouts/application (10.6ms)
  Rendered layouts/_navbar.html.erb (0.8ms) [cache miss]
  Rendered layouts/_messages.html.erb (0.4ms) [cache miss]
Completed 200 OK in 337ms (Views: 310.3ms | ActiveRecord: 0.5ms)


Started GET "/auth/facebook" for 127.0.0.1 at 2017-06-21 11:18:43 +0200
Started GET "/auth/facebook" for 127.0.0.1 at 2017-06-21 11:18:44 +0200
Started GET "/auth/facebook/callback?code=AQBTv6j7jFISus0KJz53VnvkJ5U2tp7OJwhYMOOh4pfGW6AAJeotTdrqtU1WBeIoTMVGVs6BL926lMH4MZUjhEICIr_jfOWJl3DfgJjzQM8oyq8BOoghCE_F6XAwAVHyYXPLPWWLJ14kZbOBR1dkF0fXCEj2S7ZNzzXq4RCP-FnWKnGzSOyJGyK1imAnfKkTAaaLcaSlVhD1m47zKXZPlHvgUQ7MCc5lNK0YCiiYm1w3MPD52ZRm5uHWDglW6UL92LSckgwldkZYG7zJgpZHm5v1XYnwn_lG0T2eXrVH6XUEaxf0V4ZJswBEOroMG2apIvM&state=03f57abfe2b68b543ff2b42cba1d068b3a5fc563a9becbe7" for 127.0.0.1 at 2017-06-21 11:18:44 +0200
Processing by Users::OmniauthCallbacksController#facebook as HTML
  Parameters: {"code"=>"AQBTv6j7jFISus0KJz53VnvkJ5U2tp7OJwhYMOOh4pfGW6AAJeotTdrqtU1WBeIoTMVGVs6BL926lMH4MZUjhEICIr_jfOWJl3DfgJjzQM8oyq8BOoghCE_F6XAwAVHyYXPLPWWLJ14kZbOBR1dkF0fXCEj2S7ZNzzXq4RCP-FnWKnGzSOyJGyK1imAnfKkTAaaLcaSlVhD1m47zKXZPlHvgUQ7MCc5lNK0YCiiYm1w3MPD52ZRm5uHWDglW6UL92LSckgwldkZYG7zJgpZHm5v1XYnwn_lG0T2eXrVH6XUEaxf0V4ZJswBEOroMG2apIvM", "state"=>"03f57abfe2b68b543ff2b42cba1d068b3a5fc563a9becbe7"}
  [1m[36mUser Load (0.7ms)[0m  [1m[34mSELECT  "users".* FROM "users" WHERE "users"."provider" = ? AND "users"."uid" = ? ORDER BY "users"."id" ASC LIMIT ?[0m  [["provider", "facebook"], ["uid", "10154505694347371"], ["LIMIT", 1]]
  [1m[35m (0.1ms)[0m  [1m[36mbegin transaction[0m
  [1m[36mUser Exists (0.7ms)[0m  [1m[34mSELECT  1 AS one FROM "users" WHERE "users"."email" = ? LIMIT ?[0m  [["email", "bortch@gmail.com"], ["LIMIT", 1]]
  [1m[35mSQL (1.5ms)[0m  [1m[32mINSERT INTO "users" ("email", "encrypted_password", "created_at", "updated_at", "provider", "uid", "username", "confirmation_token", "confirmation_sent_at") VALUES (?, ?, ?, ?, ?, ?, ?, ?, ?)[0m  [["email", "bortch@gmail.com"], ["encrypted_password", "$2a$11$ZojVuY7SuQR/0azYFsCsauS/Wp1aLnQ4RYkpNvRw5HcIPMvGA75K6"], ["created_at", "2017-06-21 09:18:46.929383"], ["updated_at", "2017-06-21 09:18:46.929383"], ["provider", "facebook"], ["uid", "10154505694347371"], ["username", "Henno Fourie"], ["confirmation_token", "dhj9VxkDzmNxPPt36waG"], ["confirmation_sent_at", "2017-06-21 09:18:46.929528"]]
  [1m[35m (0.8ms)[0m  [1m[36mcommit transaction[0m
  Rendering devise/mailer/confirmation_instructions.html.erb
  Rendered devise/mailer/confirmation_instructions.html.erb (0.7ms)
Devise::Mailer#confirmation_instructions: processed outbound mail in 217.2ms
Sent mail to bortch@gmail.com (5234.8ms)
Date: Wed, 21 Jun 2017 11:18:47 +0200
From: "Henno @ Nomadbnb" <no-reply@nomadbnb.io>
Reply-To: "Henno @ Nomadbnb" <no-reply@nomadbnb.io>
To: bortch@gmail.com
Message-ID: <594a39f727d42_151f83fdfdfc1024c594d8@Hennos-MacBook-Pro.local.mail>
Subject: Confirmation instructions
Mime-Version: 1.0
Content-Type: text/html;
 charset=UTF-8
Content-Transfer-Encoding: 7bit

<p>Welcome bortch@gmail.com!</p>

<p>You can confirm your account email through the link below:</p>

<p><a href="http://localhost:3000/confirmation?confirmation_token=dhj9VxkDzmNxPPt36waG">Confirm my account</a></p>

Redirected to http://localhost:3000/login
Completed 302 Found in 5601ms (ActiveRecord: 3.8ms)


Started GET "/login" for 127.0.0.1 at 2017-06-21 11:18:52 +0200
Processing by Devise::SessionsController#new as HTML
  [1m[36mUser Load (0.2ms)[0m  [1m[34mSELECT  "users".* FROM "users" WHERE "users"."id" = ? ORDER BY "users"."id" ASC LIMIT ?[0m  [["id", 1], ["LIMIT", 1]]
Redirected to http://localhost:3000/
Filter chain halted as :require_no_authentication rendered or redirected
Completed 302 Found in 9ms (ActiveRecord: 0.2ms)


Started GET "/" for 127.0.0.1 at 2017-06-21 11:18:52 +0200
Processing by StaticController#home as HTML
  [1m[36mUser Load (0.2ms)[0m  [1m[34mSELECT  "users".* FROM "users" WHERE "users"."id" = ? ORDER BY "users"."id" ASC LIMIT ?[0m  [["id", 1], ["LIMIT", 1]]
  Rendering static/home.html.erb within layouts/application
  [1m[36mRoom Load (0.4ms)[0m  [1m[34mSELECT "rooms".* FROM "rooms"[0m
  Rendered static/home.html.erb within layouts/application (2.2ms)
  Rendered layouts/_navbar.html.erb (0.9ms) [cache miss]
  Rendered layouts/_messages.html.erb (0.4ms) [cache miss]
Completed 200 OK in 54ms (Views: 42.6ms | ActiveRecord: 0.9ms)


Started GET "/users/1" for 127.0.0.1 at 2017-06-21 11:18:57 +0200
Processing by UsersController#show as HTML
  Parameters: {"id"=>"1"}
  [1m[36mUser Load (0.4ms)[0m  [1m[34mSELECT  "users".* FROM "users" WHERE "users"."id" = ? LIMIT ?[0m  [["id", 1], ["LIMIT", 1]]
  Rendering users/show.html.erb within layouts/application
  Rendered users/show.html.erb within layouts/application (0.7ms)
  [1m[36mUser Load (0.2ms)[0m  [1m[34mSELECT  "users".* FROM "users" WHERE "users"."id" = ? ORDER BY "users"."id" ASC LIMIT ?[0m  [["id", 1], ["LIMIT", 1]]
  Rendered layouts/_navbar.html.erb (2.1ms) [cache miss]
  Rendered layouts/_messages.html.erb (0.5ms) [cache miss]
Completed 200 OK in 52ms (Views: 45.7ms | ActiveRecord: 0.6ms)


Started GET "/rooms" for 127.0.0.1 at 2017-06-21 11:19:01 +0200
Processing by RoomsController#index as HTML
  [1m[36mUser Load (0.3ms)[0m  [1m[34mSELECT  "users".* FROM "users" WHERE "users"."id" = ? ORDER BY "users"."id" ASC LIMIT ?[0m  [["id", 1], ["LIMIT", 1]]
  Rendering rooms/index.html.erb within layouts/application
  [1m[36mRoom Load (0.2ms)[0m  [1m[34mSELECT "rooms".* FROM "rooms" WHERE "rooms"."user_id" = ?[0m  [["user_id", 1]]
  Rendered rooms/index.html.erb within layouts/application (8.2ms)
  Rendered layouts/_navbar.html.erb (0.7ms) [cache miss]
  Rendered layouts/_messages.html.erb (0.3ms) [cache miss]
Completed 200 OK in 67ms (Views: 51.3ms | ActiveRecord: 0.5ms)


Started DELETE "/logout" for 127.0.0.1 at 2017-06-21 11:19:03 +0200
Processing by Devise::SessionsController#destroy as HTML
  Parameters: {"authenticity_token"=>"sjOMuo/exe27RlhTe1OUpiEYfKx+MxEquQNmfcQYIUCJYGd/oaodwUmMI2FVbfEdPqyxNov8DP7QaAIifcxRCQ=="}
  [1m[36mUser Load (0.2ms)[0m  [1m[34mSELECT  "users".* FROM "users" WHERE "users"."id" = ? ORDER BY "users"."id" ASC LIMIT ?[0m  [["id", 1], ["LIMIT", 1]]
  [1m[35m (0.0ms)[0m  [1m[36mbegin transaction[0m
  [1m[35m (0.1ms)[0m  [1m[36mcommit transaction[0m
Redirected to http://localhost:3000/
Completed 302 Found in 6ms (ActiveRecord: 0.3ms)


Started GET "/" for 127.0.0.1 at 2017-06-21 11:19:03 +0200
Processing by StaticController#home as HTML
Completed 401 Unauthorized in 1ms (ActiveRecord: 0.0ms)


Started GET "/login" for 127.0.0.1 at 2017-06-21 11:19:03 +0200
Processing by Devise::SessionsController#new as HTML
  Rendering devise/sessions/new.html.erb within layouts/application
  Rendered devise/sessions/new.html.erb within layouts/application (1.5ms)
  Rendered layouts/_navbar.html.erb (0.8ms) [cache miss]
  Rendered layouts/_messages.html.erb (0.5ms) [cache miss]
Completed 200 OK in 46ms (Views: 45.1ms | ActiveRecord: 0.0ms)


Started GET "/login" for 127.0.0.1 at 2017-06-21 11:19:13 +0200
Processing by Devise::SessionsController#new as HTML
  Rendering devise/sessions/new.html.erb within layouts/application
  Rendered devise/sessions/new.html.erb within layouts/application (1.6ms)
  Rendered layouts/_navbar.html.erb (1.0ms) [cache miss]
  Rendered layouts/_messages.html.erb (0.7ms) [cache miss]
Completed 200 OK in 52ms (Views: 51.1ms | ActiveRecord: 0.0ms)


Started GET "/auth/facebook" for 127.0.0.1 at 2017-06-21 11:19:14 +0200
Started GET "/auth/facebook" for 127.0.0.1 at 2017-06-21 11:19:14 +0200
Started GET "/auth/facebook/callback?code=AQAJMEJpcWYoru4RQGraM4bZZWghrq9ZGjqMoL6wV-Jn_3lmd9iV0tr1rL8q-4UrDS22yaeMt81xm9aMHrmvUKnwhHi8HqyPFwtlgeZ7f4ME763O2BTcADs4eLFbzdPLfdtiz7KWppwevBMqsqkUXRGyLnGe4ekeMWeXQtCQoaElS2wkNudGqc_4CVUZ6IGgP6cA3mtqtXY1Jiu6fRx9FQpBulZ790b6DHLtNnH-WXWY7NsYGHtshxiopPdadVTLQgoX0OKWqkhj1LG2f9L21V18WRvcw4ekM5mjv1n4F8XJpw2eTTpAu7vSK4gDwgFgKXQ&state=dd58c7fdee3828a717cb5b1c2d60d818ce174233007c1965" for 127.0.0.1 at 2017-06-21 11:19:15 +0200
Processing by Users::OmniauthCallbacksController#facebook as HTML
  Parameters: {"code"=>"AQAJMEJpcWYoru4RQGraM4bZZWghrq9ZGjqMoL6wV-Jn_3lmd9iV0tr1rL8q-4UrDS22yaeMt81xm9aMHrmvUKnwhHi8HqyPFwtlgeZ7f4ME763O2BTcADs4eLFbzdPLfdtiz7KWppwevBMqsqkUXRGyLnGe4ekeMWeXQtCQoaElS2wkNudGqc_4CVUZ6IGgP6cA3mtqtXY1Jiu6fRx9FQpBulZ790b6DHLtNnH-WXWY7NsYGHtshxiopPdadVTLQgoX0OKWqkhj1LG2f9L21V18WRvcw4ekM5mjv1n4F8XJpw2eTTpAu7vSK4gDwgFgKXQ", "state"=>"dd58c7fdee3828a717cb5b1c2d60d818ce174233007c1965"}
  [1m[36mUser Load (0.2ms)[0m  [1m[34mSELECT  "users".* FROM "users" WHERE "users"."provider" = ? AND "users"."uid" = ? ORDER BY "users"."id" ASC LIMIT ?[0m  [["provider", "facebook"], ["uid", "10154505694347371"], ["LIMIT", 1]]
Redirected to http://localhost:3000/login
Completed 302 Found in 2ms (ActiveRecord: 0.2ms)


Started GET "/login" for 127.0.0.1 at 2017-06-21 11:19:16 +0200
Processing by Devise::SessionsController#new as HTML
  [1m[36mUser Load (0.2ms)[0m  [1m[34mSELECT  "users".* FROM "users" WHERE "users"."id" = ? ORDER BY "users"."id" ASC LIMIT ?[0m  [["id", 1], ["LIMIT", 1]]
Redirected to http://localhost:3000/
Filter chain halted as :require_no_authentication rendered or redirected
Completed 302 Found in 2ms (ActiveRecord: 0.2ms)


Started GET "/" for 127.0.0.1 at 2017-06-21 11:19:16 +0200
Processing by StaticController#home as HTML
  [1m[36mUser Load (0.2ms)[0m  [1m[34mSELECT  "users".* FROM "users" WHERE "users"."id" = ? ORDER BY "users"."id" ASC LIMIT ?[0m  [["id", 1], ["LIMIT", 1]]
  Rendering static/home.html.erb within layouts/application
  [1m[36mRoom Load (0.2ms)[0m  [1m[34mSELECT "rooms".* FROM "rooms"[0m
  Rendered static/home.html.erb within layouts/application (0.9ms)
  Rendered layouts/_navbar.html.erb (0.9ms) [cache miss]
  Rendered layouts/_messages.html.erb (0.5ms) [cache miss]
Completed 200 OK in 48ms (Views: 43.5ms | ActiveRecord: 0.4ms)


Started GET "/profile" for 127.0.0.1 at 2017-06-21 11:19:19 +0200
Processing by RegistrationsController#edit as HTML
  [1m[36mUser Load (0.3ms)[0m  [1m[34mSELECT  "users".* FROM "users" WHERE "users"."id" = ? ORDER BY "users"."id" ASC LIMIT ?[0m  [["id", 1], ["LIMIT", 1]]
  Rendering devise/registrations/edit.html.erb within layouts/application
  Rendered devise/registrations/edit.html.erb within layouts/application (2.8ms)
  Rendered layouts/_navbar.html.erb (0.8ms) [cache miss]
  Rendered layouts/_messages.html.erb (0.4ms) [cache miss]
Completed 200 OK in 59ms (Views: 56.6ms | ActiveRecord: 0.3ms)


Started GET "/profile" for 127.0.0.1 at 2017-06-21 11:20:08 +0200
Processing by RegistrationsController#edit as HTML
  [1m[36mUser Load (0.2ms)[0m  [1m[34mSELECT  "users".* FROM "users" WHERE "users"."id" = ? ORDER BY "users"."id" ASC LIMIT ?[0m  [["id", 1], ["LIMIT", 1]]
  Rendering devise/registrations/edit.html.erb within layouts/application
  Rendered devise/registrations/edit.html.erb within layouts/application (2.3ms)
  Rendered layouts/_navbar.html.erb (0.8ms) [cache miss]
  Rendered layouts/_messages.html.erb (0.4ms) [cache miss]
Completed 200 OK in 54ms (Views: 52.4ms | ActiveRecord: 0.2ms)


Started PUT "/" for 127.0.0.1 at 2017-06-21 11:20:26 +0200
Processing by RegistrationsController#update as HTML
  Parameters: {"utf8"=>"✓", "authenticity_token"=>"D4XnQh0rUStEuv44IBQ0UYl668BJblCQXMsx+PBMrrqIBqvlSJ2QuOuf0eVan+HP0dGM10sibBEx47ttORDc8Q==", "user"=>{"username"=>"Henno Fourie", "email"=>"bortch@gmail.com", "description"=>"Hello there, this is my description.", "password"=>"[FILTERED]", "password_confirmation"=>"[FILTERED]"}, "commit"=>"Save"}
  [1m[36mUser Load (0.2ms)[0m  [1m[34mSELECT  "users".* FROM "users" WHERE "users"."id" = ? ORDER BY "users"."id" ASC LIMIT ?[0m  [["id", 1], ["LIMIT", 1]]
  [1m[36mUser Load (0.1ms)[0m  [1m[34mSELECT  "users".* FROM "users" WHERE "users"."id" = ? LIMIT ?[0m  [["id", 1], ["LIMIT", 1]]
  [1m[35m (0.1ms)[0m  [1m[36mbegin transaction[0m
  [1m[35mSQL (0.4ms)[0m  [1m[33mUPDATE "users" SET "description" = ?, "updated_at" = ? WHERE "users"."id" = ?[0m  [["description", "Hello there, this is my description."], ["updated_at", "2017-06-21 09:20:26.229678"], ["id", 1]]
  [1m[35m (6.0ms)[0m  [1m[36mcommit transaction[0m
Redirected to http://localhost:3000/
Completed 302 Found in 27ms (ActiveRecord: 6.9ms)


Started GET "/" for 127.0.0.1 at 2017-06-21 11:20:26 +0200
Processing by StaticController#home as HTML
  [1m[36mUser Load (0.3ms)[0m  [1m[34mSELECT  "users".* FROM "users" WHERE "users"."id" = ? ORDER BY "users"."id" ASC LIMIT ?[0m  [["id", 1], ["LIMIT", 1]]
  Rendering static/home.html.erb within layouts/application
  [1m[36mRoom Load (0.2ms)[0m  [1m[34mSELECT "rooms".* FROM "rooms"[0m
  Rendered static/home.html.erb within layouts/application (1.1ms)
  Rendered layouts/_navbar.html.erb (1.1ms) [cache miss]
  Rendered layouts/_messages.html.erb (0.6ms) [cache miss]
Completed 200 OK in 51ms (Views: 46.7ms | ActiveRecord: 0.5ms)


Started GET "/users/1" for 127.0.0.1 at 2017-06-21 11:20:29 +0200
Processing by UsersController#show as HTML
  Parameters: {"id"=>"1"}
  [1m[36mUser Load (0.1ms)[0m  [1m[34mSELECT  "users".* FROM "users" WHERE "users"."id" = ? LIMIT ?[0m  [["id", 1], ["LIMIT", 1]]
  Rendering users/show.html.erb within layouts/application
  Rendered users/show.html.erb within layouts/application (0.8ms)
  [1m[36mUser Load (0.2ms)[0m  [1m[34mSELECT  "users".* FROM "users" WHERE "users"."id" = ? ORDER BY "users"."id" ASC LIMIT ?[0m  [["id", 1], ["LIMIT", 1]]
  Rendered layouts/_navbar.html.erb (2.0ms) [cache miss]
  Rendered layouts/_messages.html.erb (0.4ms) [cache miss]
Completed 200 OK in 52ms (Views: 49.2ms | ActiveRecord: 0.3ms)


Started GET "/rooms" for 127.0.0.1 at 2017-06-21 11:20:41 +0200
Processing by RoomsController#index as HTML
  [1m[36mUser Load (0.2ms)[0m  [1m[34mSELECT  "users".* FROM "users" WHERE "users"."id" = ? ORDER BY "users"."id" ASC LIMIT ?[0m  [["id", 1], ["LIMIT", 1]]
  Rendering rooms/index.html.erb within layouts/application
  [1m[36mRoom Load (0.1ms)[0m  [1m[34mSELECT "rooms".* FROM "rooms" WHERE "rooms"."user_id" = ?[0m  [["user_id", 1]]
  Rendered rooms/index.html.erb within layouts/application (1.7ms)
  Rendered layouts/_navbar.html.erb (0.7ms) [cache miss]
  Rendered layouts/_messages.html.erb (0.5ms) [cache miss]
Completed 200 OK in 52ms (Views: 48.5ms | ActiveRecord: 0.3ms)


Started GET "/rooms/new" for 127.0.0.1 at 2017-06-21 11:20:44 +0200
Processing by RoomsController#new as HTML
  [1m[36mUser Load (0.2ms)[0m  [1m[34mSELECT  "users".* FROM "users" WHERE "users"."id" = ? ORDER BY "users"."id" ASC LIMIT ?[0m  [["id", 1], ["LIMIT", 1]]
  Rendering rooms/new.html.erb within layouts/application
  [1m[36mCity Load (0.5ms)[0m  [1m[34mSELECT "cities".* FROM "cities"[0m
  [1m[35m (0.1ms)[0m  [1m[34mSELECT "cities"."country" FROM "cities"[0m
  Rendered rooms/_form.html.erb (6.4ms) [cache miss]
  Rendered rooms/new.html.erb within layouts/application (8.6ms)
  Rendered layouts/_navbar.html.erb (0.8ms) [cache miss]
  Rendered layouts/_messages.html.erb (0.4ms) [cache miss]
Completed 200 OK in 86ms (Views: 48.1ms | ActiveRecord: 1.6ms)


Started POST "/rooms" for 127.0.0.1 at 2017-06-21 11:21:52 +0200
Processing by RoomsController#create as HTML
  Parameters: {"utf8"=>"✓", "authenticity_token"=>"bhbnIuzkiIAIQVVS/uU9XzYSGKHJarB5+DWr02ZjnKxTLupDYYTbaMVztXBEW6uceNhAuUmpG25gW65d3yySjg==", "room"=>{"home_type"=>"Apartment", "room_type"=>"Entire", "capacity"=>"2", "bed_rooms"=>"2", "bath_rooms"=>"2", "listing_name"=>"Best apartment in Johannesburg", "summary"=>"This place is huuuge!", "address"=>"22 Blackpool Road, Bryanston", "city_attributes"=>{"name"=>"Johannesburg", "country"=>"South Africa"}, "price"=>"50", "active"=>"1"}, "commit"=>"Save"}
  [1m[36mUser Load (0.3ms)[0m  [1m[34mSELECT  "users".* FROM "users" WHERE "users"."id" = ? ORDER BY "users"."id" ASC LIMIT ?[0m  [["id", 1], ["LIMIT", 1]]
  [1m[36mCity Load (0.2ms)[0m  [1m[34mSELECT  "cities".* FROM "cities" WHERE "cities"."name" = ? LIMIT ?[0m  [["name", "Johannesburg"], ["LIMIT", 1]]
  [1m[35m (0.0ms)[0m  [1m[36mbegin transaction[0m
  [1m[35m (0.0ms)[0m  [1m[31mrollback transaction[0m
  [1m[35m (0.0ms)[0m  [1m[36mbegin transaction[0m
  [1m[35mSQL (0.4ms)[0m  [1m[32mINSERT INTO "cities" ("name", "country", "created_at", "updated_at") VALUES (?, ?, ?, ?)[0m  [["name", "Johannesburg"], ["country", "South Africa"], ["created_at", "2017-06-21 09:21:52.029037"], ["updated_at", "2017-06-21 09:21:52.029037"]]
  [1m[35m (0.7ms)[0m  [1m[36mcommit transaction[0m
  [1m[35m (0.0ms)[0m  [1m[36mbegin transaction[0m
  [1m[35mSQL (0.7ms)[0m  [1m[32mINSERT INTO "rooms" ("home_type", "room_type", "capacity", "bed_rooms", "bath_rooms", "listing_name", "summary", "address", "price", "active", "city_id", "user_id", "created_at", "updated_at") VALUES (?, ?, ?, ?, ?, ?, ?, ?, ?, ?, ?, ?, ?, ?)[0m  [["home_type", "Apartment"], ["room_type", "Entire"], ["capacity", 2], ["bed_rooms", 2], ["bath_rooms", 2], ["listing_name", "Best apartment in Johannesburg"], ["summary", "This place is huuuge!"], ["address", "22 Blackpool Road, Bryanston"], ["price", 50], ["active", "t"], ["city_id", 1], ["user_id", 1], ["created_at", "2017-06-21 09:21:52.032905"], ["updated_at", "2017-06-21 09:21:52.032905"]]
  [1m[35m (0.8ms)[0m  [1m[36mcommit transaction[0m
Redirected to http://localhost:3000/rooms/1
Completed 302 Found in 14ms (ActiveRecord: 3.2ms)


Started GET "/rooms/1" for 127.0.0.1 at 2017-06-21 11:21:52 +0200
Processing by RoomsController#show as HTML
  Parameters: {"id"=>"1"}
  [1m[36mRoom Load (0.2ms)[0m  [1m[34mSELECT  "rooms".* FROM "rooms" WHERE "rooms"."id" = ? LIMIT ?[0m  [["id", 1], ["LIMIT", 1]]
  Rendering rooms/show.html.erb within layouts/application
  [1m[36mUser Load (0.1ms)[0m  [1m[34mSELECT  "users".* FROM "users" WHERE "users"."id" = ? LIMIT ?[0m  [["id", 1], ["LIMIT", 1]]
  Rendered rooms/show.html.erb within layouts/application (2.7ms)
  [1m[36mUser Load (0.2ms)[0m  [1m[34mSELECT  "users".* FROM "users" WHERE "users"."id" = ? ORDER BY "users"."id" ASC LIMIT ?[0m  [["id", 1], ["LIMIT", 1]]
  Rendered layouts/_navbar.html.erb (2.3ms) [cache miss]
  Rendered layouts/_messages.html.erb (0.5ms) [cache miss]
Completed 200 OK in 58ms (Views: 53.8ms | ActiveRecord: 0.5ms)


Started GET "/rooms/new" for 127.0.0.1 at 2017-06-21 11:22:08 +0200
Processing by RoomsController#new as HTML
  [1m[36mUser Load (0.2ms)[0m  [1m[34mSELECT  "users".* FROM "users" WHERE "users"."id" = ? ORDER BY "users"."id" ASC LIMIT ?[0m  [["id", 1], ["LIMIT", 1]]
  Rendering rooms/new.html.erb within layouts/application
  [1m[36mCity Load (0.2ms)[0m  [1m[34mSELECT "cities".* FROM "cities"[0m
  [1m[35m (0.2ms)[0m  [1m[34mSELECT "cities"."country" FROM "cities"[0m
  Rendered rooms/_form.html.erb (5.2ms) [cache miss]
  Rendered rooms/new.html.erb within layouts/application (7.2ms)
  Rendered layouts/_navbar.html.erb (0.9ms) [cache miss]
  Rendered layouts/_messages.html.erb (0.8ms) [cache miss]
Completed 200 OK in 58ms (Views: 53.0ms | ActiveRecord: 0.6ms)


Started POST "/rooms" for 127.0.0.1 at 2017-06-21 11:24:02 +0200
Processing by RoomsController#create as HTML
  Parameters: {"utf8"=>"✓", "authenticity_token"=>"jxMULovm2Ei56eZ25LS/BBAFiJPe6Me18zhZScOcvG+yKxlPBoaLoHTbBlReCinHXs/Qi14rbKJrVlzHetOyTQ==", "room"=>{"home_type"=>"Apartment", "room_type"=>"Entire", "capacity"=>"6", "bed_rooms"=>"4", "bath_rooms"=>"4", "listing_name"=>"Trump Tower Penthouse", "summary"=>"It's gonna be HUGE!!", "address"=>"725 5th Ave", "city_attributes"=>{"name"=>"New York", "country"=>"USA"}, "price"=>"50000", "active"=>"1"}, "commit"=>"Save"}
  [1m[36mUser Load (0.3ms)[0m  [1m[34mSELECT  "users".* FROM "users" WHERE "users"."id" = ? ORDER BY "users"."id" ASC LIMIT ?[0m  [["id", 1], ["LIMIT", 1]]
  [1m[36mCity Load (0.2ms)[0m  [1m[34mSELECT  "cities".* FROM "cities" WHERE "cities"."name" = ? LIMIT ?[0m  [["name", "New York"], ["LIMIT", 1]]
  [1m[35m (0.1ms)[0m  [1m[36mbegin transaction[0m
  [1m[35m (0.1ms)[0m  [1m[31mrollback transaction[0m
  [1m[35m (0.0ms)[0m  [1m[36mbegin transaction[0m
  [1m[35mSQL (0.3ms)[0m  [1m[32mINSERT INTO "cities" ("name", "country", "created_at", "updated_at") VALUES (?, ?, ?, ?)[0m  [["name", "New York"], ["country", "USA"], ["created_at", "2017-06-21 09:24:02.661097"], ["updated_at", "2017-06-21 09:24:02.661097"]]
  [1m[35m (6.1ms)[0m  [1m[36mcommit transaction[0m
  [1m[35m (0.0ms)[0m  [1m[36mbegin transaction[0m
  [1m[35mSQL (0.3ms)[0m  [1m[32mINSERT INTO "rooms" ("home_type", "room_type", "capacity", "bed_rooms", "bath_rooms", "listing_name", "summary", "address", "price", "active", "city_id", "user_id", "created_at", "updated_at") VALUES (?, ?, ?, ?, ?, ?, ?, ?, ?, ?, ?, ?, ?, ?)[0m  [["home_type", "Apartment"], ["room_type", "Entire"], ["capacity", 6], ["bed_rooms", 4], ["bath_rooms", 4], ["listing_name", "Trump Tower Penthouse"], ["summary", "It's gonna be HUGE!!"], ["address", "725 5th Ave"], ["price", 50000], ["active", "t"], ["city_id", 2], ["user_id", 1], ["created_at", "2017-06-21 09:24:02.670251"], ["updated_at", "2017-06-21 09:24:02.670251"]]
  [1m[35m (1.0ms)[0m  [1m[36mcommit transaction[0m
Redirected to http://localhost:3000/rooms/2
Completed 302 Found in 21ms (ActiveRecord: 8.4ms)


Started GET "/rooms/2" for 127.0.0.1 at 2017-06-21 11:24:02 +0200
Processing by RoomsController#show as HTML
  Parameters: {"id"=>"2"}
  [1m[36mRoom Load (0.1ms)[0m  [1m[34mSELECT  "rooms".* FROM "rooms" WHERE "rooms"."id" = ? LIMIT ?[0m  [["id", 2], ["LIMIT", 1]]
  Rendering rooms/show.html.erb within layouts/application
  [1m[36mUser Load (0.1ms)[0m  [1m[34mSELECT  "users".* FROM "users" WHERE "users"."id" = ? LIMIT ?[0m  [["id", 1], ["LIMIT", 1]]
  Rendered rooms/show.html.erb within layouts/application (2.2ms)
  [1m[36mUser Load (0.2ms)[0m  [1m[34mSELECT  "users".* FROM "users" WHERE "users"."id" = ? ORDER BY "users"."id" ASC LIMIT ?[0m  [["id", 1], ["LIMIT", 1]]
  Rendered layouts/_navbar.html.erb (2.1ms) [cache miss]
  Rendered layouts/_messages.html.erb (0.7ms) [cache miss]
Completed 200 OK in 56ms (Views: 53.3ms | ActiveRecord: 0.4ms)


Started GET "/rooms/2/reservations" for 127.0.0.1 at 2017-06-21 11:24:06 +0200
Processing by ReservationsController#index as HTML
  Parameters: {"room_id"=>"2"}
  [1m[36mUser Load (0.2ms)[0m  [1m[34mSELECT  "users".* FROM "users" WHERE "users"."id" = ? ORDER BY "users"."id" ASC LIMIT ?[0m  [["id", 1], ["LIMIT", 1]]
  [1m[36mRoom Load (0.1ms)[0m  [1m[34mSELECT  "rooms".* FROM "rooms" WHERE "rooms"."id" = ? LIMIT ?[0m  [["id", 2], ["LIMIT", 1]]
  Rendering reservations/index.html.erb within layouts/application
  [1m[36mReservation Load (0.4ms)[0m  [1m[34mSELECT "reservations".* FROM "reservations" WHERE "reservations"."room_id" = ?[0m  [["room_id", 2]]
  Rendered reservations/index.html.erb within layouts/application (4.0ms)
  Rendered layouts/_navbar.html.erb (1.0ms) [cache miss]
  Rendered layouts/_messages.html.erb (0.4ms) [cache miss]
Completed 200 OK in 58ms (Views: 49.6ms | ActiveRecord: 1.1ms)


Started GET "/rooms/2/reservations/new" for 127.0.0.1 at 2017-06-21 11:24:10 +0200
Processing by ReservationsController#new as HTML
  Parameters: {"room_id"=>"2"}
  [1m[36mUser Load (0.2ms)[0m  [1m[34mSELECT  "users".* FROM "users" WHERE "users"."id" = ? ORDER BY "users"."id" ASC LIMIT ?[0m  [["id", 1], ["LIMIT", 1]]
  [1m[36mRoom Load (0.1ms)[0m  [1m[34mSELECT  "rooms".* FROM "rooms" WHERE "rooms"."id" = ? LIMIT ?[0m  [["id", 2], ["LIMIT", 1]]
  Rendering reservations/new.html.erb within layouts/application
  Rendered reservations/_form.html.erb (14.4ms) [cache miss]
  Rendered reservations/new.html.erb within layouts/application (17.8ms)
  Rendered layouts/_navbar.html.erb (0.9ms) [cache miss]
  Rendered layouts/_messages.html.erb (0.4ms) [cache miss]
Completed 200 OK in 71ms (Views: 60.6ms | ActiveRecord: 0.8ms)


Started POST "/rooms/2/reservations" for 127.0.0.1 at 2017-06-21 11:24:25 +0200
Processing by ReservationsController#create as HTML
  Parameters: {"utf8"=>"✓", "authenticity_token"=>"Hwbn5oFPxPFYMa+cgMAdYuj6S8nIVjofTxnkfyM/u39j5T/SEao6vsj7Bab9KPD7Q6qCH2TkEM8w3POAVY+7Mw==", "reservation"=>{"start_date"=>"2017-06-30", "end_date"=>"2017-07-31", "room_id"=>"2", "price"=>"50000"}, "commit"=>"Book Now", "room_id"=>"2"}
  [1m[36mUser Load (0.2ms)[0m  [1m[34mSELECT  "users".* FROM "users" WHERE "users"."id" = ? ORDER BY "users"."id" ASC LIMIT ?[0m  [["id", 1], ["LIMIT", 1]]
  [1m[35m (0.1ms)[0m  [1m[36mbegin transaction[0m
  [1m[36mRoom Load (0.2ms)[0m  [1m[34mSELECT  "rooms".* FROM "rooms" WHERE "rooms"."id" = ? LIMIT ?[0m  [["id", 2], ["LIMIT", 1]]
  [1m[36mReservation Exists (0.1ms)[0m  [1m[34mSELECT  1 AS one FROM "reservations" WHERE "reservations"."start_date" = ? LIMIT ?[0m  [["start_date", "2017-06-30 00:00:00"], ["LIMIT", 1]]
  [1m[35mSQL (6.0ms)[0m  [1m[32mINSERT INTO "reservations" ("user_id", "room_id", "start_date", "end_date", "price", "created_at", "updated_at") VALUES (?, ?, ?, ?, ?, ?, ?)[0m  [["user_id", 1], ["room_id", 2], ["start_date", "2017-06-30 00:00:00"], ["end_date", "2017-07-31 00:00:00"], ["price", 50000], ["created_at", "2017-06-21 09:24:25.873088"], ["updated_at", "2017-06-21 09:24:25.873088"]]
  [1m[35m (0.8ms)[0m  [1m[36mcommit transaction[0m
Redirected to http://localhost:3000/rooms/2
Completed 302 Found in 17ms (ActiveRecord: 7.3ms)


Started GET "/rooms/2" for 127.0.0.1 at 2017-06-21 11:24:25 +0200
Processing by RoomsController#show as HTML
  Parameters: {"id"=>"2"}
  [1m[36mRoom Load (0.1ms)[0m  [1m[34mSELECT  "rooms".* FROM "rooms" WHERE "rooms"."id" = ? LIMIT ?[0m  [["id", 2], ["LIMIT", 1]]
  Rendering rooms/show.html.erb within layouts/application
  [1m[36mUser Load (0.1ms)[0m  [1m[34mSELECT  "users".* FROM "users" WHERE "users"."id" = ? LIMIT ?[0m  [["id", 1], ["LIMIT", 1]]
  Rendered rooms/show.html.erb within layouts/application (2.0ms)
  [1m[36mUser Load (0.2ms)[0m  [1m[34mSELECT  "users".* FROM "users" WHERE "users"."id" = ? ORDER BY "users"."id" ASC LIMIT ?[0m  [["id", 1], ["LIMIT", 1]]
  Rendered layouts/_navbar.html.erb (2.1ms) [cache miss]
  Rendered layouts/_messages.html.erb (0.6ms) [cache miss]
Completed 200 OK in 49ms (Views: 45.9ms | ActiveRecord: 0.4ms)


Started GET "/rooms/2/reservations" for 127.0.0.1 at 2017-06-21 11:24:28 +0200
Processing by ReservationsController#index as HTML
  Parameters: {"room_id"=>"2"}
  [1m[36mUser Load (0.2ms)[0m  [1m[34mSELECT  "users".* FROM "users" WHERE "users"."id" = ? ORDER BY "users"."id" ASC LIMIT ?[0m  [["id", 1], ["LIMIT", 1]]
  [1m[36mRoom Load (0.1ms)[0m  [1m[34mSELECT  "rooms".* FROM "rooms" WHERE "rooms"."id" = ? LIMIT ?[0m  [["id", 2], ["LIMIT", 1]]
  Rendering reservations/index.html.erb within layouts/application
  [1m[36mReservation Load (0.1ms)[0m  [1m[34mSELECT "reservations".* FROM "reservations" WHERE "reservations"."room_id" = ?[0m  [["room_id", 2]]
  Rendered reservations/index.html.erb within layouts/application (7.8ms)
  Rendered layouts/_navbar.html.erb (0.8ms) [cache miss]
  Rendered layouts/_messages.html.erb (0.4ms) [cache miss]
Completed 200 OK in 59ms (Views: 55.1ms | ActiveRecord: 0.4ms)


Started GET "/rooms/2/reservations" for 127.0.0.1 at 2017-06-21 11:24:37 +0200
Processing by ReservationsController#index as HTML
  Parameters: {"room_id"=>"2"}
  [1m[36mUser Load (0.3ms)[0m  [1m[34mSELECT  "users".* FROM "users" WHERE "users"."id" = ? ORDER BY "users"."id" ASC LIMIT ?[0m  [["id", 1], ["LIMIT", 1]]
  [1m[36mRoom Load (0.1ms)[0m  [1m[34mSELECT  "rooms".* FROM "rooms" WHERE "rooms"."id" = ? LIMIT ?[0m  [["id", 2], ["LIMIT", 1]]
  Rendering reservations/index.html.erb within layouts/application
  [1m[36mReservation Load (0.1ms)[0m  [1m[34mSELECT "reservations".* FROM "reservations" WHERE "reservations"."room_id" = ?[0m  [["room_id", 2]]
  Rendered reservations/index.html.erb within layouts/application (2.0ms)
  Rendered layouts/_navbar.html.erb (0.8ms) [cache miss]
  Rendered layouts/_messages.html.erb (0.4ms) [cache miss]
Completed 200 OK in 55ms (Views: 50.5ms | ActiveRecord: 0.5ms)


Started GET "/" for 127.0.0.1 at 2017-06-21 11:51:32 +0200
  [1m[35m (0.5ms)[0m  [1m[34mSELECT "schema_migrations"."version" FROM "schema_migrations" ORDER BY "schema_migrations"."version" ASC[0m
Processing by StaticController#home as HTML
  [1m[36mUser Load (0.1ms)[0m  [1m[34mSELECT  "users".* FROM "users" WHERE "users"."id" = ? ORDER BY "users"."id" ASC LIMIT ?[0m  [["id", 1], ["LIMIT", 1]]
  Rendering static/home.html.erb within layouts/application
  [1m[36mRoom Load (0.3ms)[0m  [1m[34mSELECT "rooms".* FROM "rooms"[0m
  [1m[36mCity Load (0.1ms)[0m  [1m[34mSELECT  "cities".* FROM "cities" WHERE "cities"."id" = ? LIMIT ?[0m  [["id", 1], ["LIMIT", 1]]
  [1m[36mCity Load (0.1ms)[0m  [1m[34mSELECT  "cities".* FROM "cities" WHERE "cities"."id" = ? LIMIT ?[0m  [["id", 2], ["LIMIT", 1]]
  Rendered static/home.html.erb within layouts/application (44.7ms)
  Rendered layouts/_navbar.html.erb (0.9ms) [cache miss]
  Rendered layouts/_messages.html.erb (0.4ms) [cache miss]
Completed 200 OK in 287ms (Views: 235.3ms | ActiveRecord: 1.9ms)


Started GET "/rooms/index" for 127.0.0.1 at 2017-06-21 11:51:45 +0200
Processing by RoomsController#show as HTML
  Parameters: {"id"=>"index"}
  [1m[36mRoom Load (0.2ms)[0m  [1m[34mSELECT  "rooms".* FROM "rooms" WHERE "rooms"."id" = ? LIMIT ?[0m  [["id", 0], ["LIMIT", 1]]
Completed 404 Not Found in 2ms (ActiveRecord: 0.2ms)


  
ActiveRecord::RecordNotFound (Couldn't find Room with 'id'=index):
  
app/controllers/rooms_controller.rb:46:in `set_room'
Started GET "/rooms" for 127.0.0.1 at 2017-06-21 11:53:30 +0200
Processing by RoomsController#index as HTML
  [1m[36mUser Load (0.3ms)[0m  [1m[34mSELECT  "users".* FROM "users" WHERE "users"."id" = ? ORDER BY "users"."id" ASC LIMIT ?[0m  [["id", 1], ["LIMIT", 1]]
  Rendering rooms/index.html.erb within layouts/application
  [1m[36mRoom Load (0.2ms)[0m  [1m[34mSELECT "rooms".* FROM "rooms" WHERE "rooms"."user_id" = ?[0m  [["user_id", 1]]
  Rendered rooms/index.html.erb within layouts/application (4.5ms)
  Rendered layouts/_navbar.html.erb (1.1ms) [cache miss]
  Rendered layouts/_messages.html.erb (0.4ms) [cache miss]
Completed 200 OK in 68ms (Views: 51.9ms | ActiveRecord: 0.5ms)


Started GET "/rooms/1" for 127.0.0.1 at 2017-06-21 11:56:23 +0200
Processing by RoomsController#show as HTML
  Parameters: {"id"=>"1"}
  [1m[36mRoom Load (0.1ms)[0m  [1m[34mSELECT  "rooms".* FROM "rooms" WHERE "rooms"."id" = ? LIMIT ?[0m  [["id", 1], ["LIMIT", 1]]
  Rendering rooms/show.html.erb within layouts/application
  [1m[36mUser Load (0.2ms)[0m  [1m[34mSELECT  "users".* FROM "users" WHERE "users"."id" = ? LIMIT ?[0m  [["id", 1], ["LIMIT", 1]]
  Rendered rooms/show.html.erb within layouts/application (2.9ms)
  [1m[36mUser Load (0.2ms)[0m  [1m[34mSELECT  "users".* FROM "users" WHERE "users"."id" = ? ORDER BY "users"."id" ASC LIMIT ?[0m  [["id", 1], ["LIMIT", 1]]
  Rendered layouts/_navbar.html.erb (2.3ms) [cache miss]
  Rendered layouts/_messages.html.erb (0.5ms) [cache miss]
Completed 200 OK in 68ms (Views: 65.5ms | ActiveRecord: 0.5ms)


Started GET "/rooms/1" for 127.0.0.1 at 2017-06-21 12:00:46 +0200
Processing by RoomsController#show as HTML
  Parameters: {"id"=>"1"}
  [1m[36mRoom Load (0.1ms)[0m  [1m[34mSELECT  "rooms".* FROM "rooms" WHERE "rooms"."id" = ? LIMIT ?[0m  [["id", 1], ["LIMIT", 1]]
  Rendering rooms/show.html.erb within layouts/application
  [1m[36mUser Load (0.1ms)[0m  [1m[34mSELECT  "users".* FROM "users" WHERE "users"."id" = ? LIMIT ?[0m  [["id", 1], ["LIMIT", 1]]
  Rendered rooms/show.html.erb within layouts/application (36.4ms)
  [1m[36mUser Load (0.4ms)[0m  [1m[34mSELECT  "users".* FROM "users" WHERE "users"."id" = ? ORDER BY "users"."id" ASC LIMIT ?[0m  [["id", 1], ["LIMIT", 1]]
  Rendered layouts/_navbar.html.erb (2.7ms) [cache miss]
  Rendered layouts/_messages.html.erb (0.5ms) [cache miss]
Completed 200 OK in 111ms (Views: 84.4ms | ActiveRecord: 2.1ms)


Started GET "/rooms" for 127.0.0.1 at 2017-06-21 12:03:01 +0200
Processing by RoomsController#index as HTML
  [1m[36mUser Load (0.1ms)[0m  [1m[34mSELECT  "users".* FROM "users" WHERE "users"."id" = ? ORDER BY "users"."id" ASC LIMIT ?[0m  [["id", 1], ["LIMIT", 1]]
  Rendering rooms/index.html.erb within layouts/application
  [1m[36mRoom Load (0.1ms)[0m  [1m[34mSELECT "rooms".* FROM "rooms" WHERE "rooms"."user_id" = ?[0m  [["user_id", 1]]
  Rendered rooms/index.html.erb within layouts/application (14.7ms)
  Rendered layouts/_navbar.html.erb (1.0ms) [cache miss]
  Rendered layouts/_messages.html.erb (0.5ms) [cache miss]
Completed 200 OK in 86ms (Views: 60.2ms | ActiveRecord: 1.7ms)


Started GET "/rooms" for 127.0.0.1 at 2017-06-21 12:03:03 +0200
Processing by RoomsController#index as HTML
  [1m[36mUser Load (0.2ms)[0m  [1m[34mSELECT  "users".* FROM "users" WHERE "users"."id" = ? ORDER BY "users"."id" ASC LIMIT ?[0m  [["id", 1], ["LIMIT", 1]]
  Rendering rooms/index.html.erb within layouts/application
  [1m[36mRoom Load (0.1ms)[0m  [1m[34mSELECT "rooms".* FROM "rooms" WHERE "rooms"."user_id" = ?[0m  [["user_id", 1]]
  Rendered rooms/index.html.erb within layouts/application (2.1ms)
  Rendered layouts/_navbar.html.erb (0.8ms) [cache miss]
  Rendered layouts/_messages.html.erb (0.4ms) [cache miss]
Completed 200 OK in 53ms (Views: 44.2ms | ActiveRecord: 0.4ms)


Started GET "/rooms" for 127.0.0.1 at 2017-06-21 12:03:18 +0200
  [1m[35m (0.1ms)[0m  [1m[34mSELECT "schema_migrations"."version" FROM "schema_migrations" ORDER BY "schema_migrations"."version" ASC[0m
Processing by RoomsController#index as HTML
  [1m[36mUser Load (0.4ms)[0m  [1m[34mSELECT  "users".* FROM "users" WHERE "users"."id" = ? ORDER BY "users"."id" ASC LIMIT ?[0m  [["id", 1], ["LIMIT", 1]]
  Rendering rooms/index.html.erb within layouts/application
  [1m[36mRoom Load (0.2ms)[0m  [1m[34mSELECT "rooms".* FROM "rooms" WHERE "rooms"."user_id" = ?[0m  [["user_id", 1]]
  Rendered rooms/index.html.erb within layouts/application (37.5ms)
  Rendered layouts/_navbar.html.erb (0.7ms) [cache miss]
  Rendered layouts/_messages.html.erb (0.4ms) [cache miss]
Completed 200 OK in 318ms (Views: 255.2ms | ActiveRecord: 1.7ms)


Started GET "/rooms" for 127.0.0.1 at 2017-06-21 12:03:20 +0200
Processing by RoomsController#index as HTML
  [1m[36mUser Load (0.2ms)[0m  [1m[34mSELECT  "users".* FROM "users" WHERE "users"."id" = ? ORDER BY "users"."id" ASC LIMIT ?[0m  [["id", 1], ["LIMIT", 1]]
  Rendering rooms/index.html.erb within layouts/application
  [1m[36mRoom Load (0.1ms)[0m  [1m[34mSELECT "rooms".* FROM "rooms" WHERE "rooms"."user_id" = ?[0m  [["user_id", 1]]
  Rendered rooms/index.html.erb within layouts/application (2.1ms)
  Rendered layouts/_navbar.html.erb (0.8ms) [cache miss]
  Rendered layouts/_messages.html.erb (0.4ms) [cache miss]
Completed 200 OK in 47ms (Views: 45.1ms | ActiveRecord: 0.3ms)


Started GET "/rooms/1" for 127.0.0.1 at 2017-06-21 12:03:22 +0200
Processing by RoomsController#show as HTML
  Parameters: {"id"=>"1"}
  [1m[36mRoom Load (0.2ms)[0m  [1m[34mSELECT  "rooms".* FROM "rooms" WHERE "rooms"."id" = ? LIMIT ?[0m  [["id", 1], ["LIMIT", 1]]
  Rendering rooms/show.html.erb within layouts/application
  [1m[36mUser Load (0.2ms)[0m  [1m[34mSELECT  "users".* FROM "users" WHERE "users"."id" = ? LIMIT ?[0m  [["id", 1], ["LIMIT", 1]]
  Rendered rooms/show.html.erb within layouts/application (3.4ms)
  [1m[36mUser Load (0.2ms)[0m  [1m[34mSELECT  "users".* FROM "users" WHERE "users"."id" = ? ORDER BY "users"."id" ASC LIMIT ?[0m  [["id", 1], ["LIMIT", 1]]
  Rendered layouts/_navbar.html.erb (2.1ms) [cache miss]
  Rendered layouts/_messages.html.erb (0.4ms) [cache miss]
Completed 200 OK in 78ms (Views: 74.4ms | ActiveRecord: 0.6ms)


Started GET "/rooms/2" for 127.0.0.1 at 2017-06-21 12:03:26 +0200
Processing by RoomsController#show as HTML
  Parameters: {"id"=>"2"}
  [1m[36mRoom Load (0.1ms)[0m  [1m[34mSELECT  "rooms".* FROM "rooms" WHERE "rooms"."id" = ? LIMIT ?[0m  [["id", 2], ["LIMIT", 1]]
  Rendering rooms/show.html.erb within layouts/application
  [1m[36mUser Load (0.1ms)[0m  [1m[34mSELECT  "users".* FROM "users" WHERE "users"."id" = ? LIMIT ?[0m  [["id", 1], ["LIMIT", 1]]
  Rendered rooms/show.html.erb within layouts/application (2.4ms)
  [1m[36mUser Load (0.2ms)[0m  [1m[34mSELECT  "users".* FROM "users" WHERE "users"."id" = ? ORDER BY "users"."id" ASC LIMIT ?[0m  [["id", 1], ["LIMIT", 1]]
  Rendered layouts/_navbar.html.erb (2.2ms) [cache miss]
  Rendered layouts/_messages.html.erb (0.7ms) [cache miss]
Completed 200 OK in 58ms (Views: 54.7ms | ActiveRecord: 0.4ms)


Started GET "/rooms/index.json" for 127.0.0.1 at 2017-06-21 12:04:35 +0200
Processing by RoomsController#show as JSON
  Parameters: {"id"=>"index"}
  [1m[36mRoom Load (0.1ms)[0m  [1m[34mSELECT  "rooms".* FROM "rooms" WHERE "rooms"."id" = ? LIMIT ?[0m  [["id", 0], ["LIMIT", 1]]
Completed 404 Not Found in 2ms (ActiveRecord: 0.1ms)


  
ActiveRecord::RecordNotFound (Couldn't find Room with 'id'=index):
  
app/controllers/rooms_controller.rb:50:in `set_room'
Started GET "/rooms.json" for 127.0.0.1 at 2017-06-21 12:04:44 +0200
Processing by RoomsController#index as JSON
  [1m[36mUser Load (0.2ms)[0m  [1m[34mSELECT  "users".* FROM "users" WHERE "users"."id" = ? ORDER BY "users"."id" ASC LIMIT ?[0m  [["id", 1], ["LIMIT", 1]]
  [1m[36mRoom Load (0.1ms)[0m  [1m[34mSELECT "rooms".* FROM "rooms" WHERE "rooms"."user_id" = ?[0m  [["user_id", 1]]
Completed 200 OK in 4ms (Views: 0.1ms | ActiveRecord: 0.3ms)


Started GET "/" for 127.0.0.1 at 2017-06-21 12:05:15 +0200
Processing by StaticController#home as HTML
  [1m[36mUser Load (0.2ms)[0m  [1m[34mSELECT  "users".* FROM "users" WHERE "users"."id" = ? ORDER BY "users"."id" ASC LIMIT ?[0m  [["id", 1], ["LIMIT", 1]]
  Rendering static/home.html.erb within layouts/application
  [1m[36mRoom Load (0.2ms)[0m  [1m[34mSELECT "rooms".* FROM "rooms"[0m
  [1m[36mCity Load (0.1ms)[0m  [1m[34mSELECT  "cities".* FROM "cities" WHERE "cities"."id" = ? LIMIT ?[0m  [["id", 1], ["LIMIT", 1]]
  [1m[36mCity Load (0.1ms)[0m  [1m[34mSELECT  "cities".* FROM "cities" WHERE "cities"."id" = ? LIMIT ?[0m  [["id", 2], ["LIMIT", 1]]
  Rendered static/home.html.erb within layouts/application (17.5ms)
  Rendered layouts/_navbar.html.erb (0.8ms) [cache miss]
  Rendered layouts/_messages.html.erb (0.4ms) [cache miss]
Completed 200 OK in 83ms (Views: 78.0ms | ActiveRecord: 1.1ms)


Started GET "/rooms/1" for 127.0.0.1 at 2017-06-21 12:05:17 +0200
Processing by RoomsController#show as HTML
  Parameters: {"id"=>"1"}
  [1m[36mRoom Load (0.1ms)[0m  [1m[34mSELECT  "rooms".* FROM "rooms" WHERE "rooms"."id" = ? LIMIT ?[0m  [["id", 1], ["LIMIT", 1]]
  Rendering rooms/show.html.erb within layouts/application
  [1m[36mUser Load (0.1ms)[0m  [1m[34mSELECT  "users".* FROM "users" WHERE "users"."id" = ? LIMIT ?[0m  [["id", 1], ["LIMIT", 1]]
  Rendered rooms/show.html.erb within layouts/application (2.5ms)
  [1m[36mUser Load (0.2ms)[0m  [1m[34mSELECT  "users".* FROM "users" WHERE "users"."id" = ? ORDER BY "users"."id" ASC LIMIT ?[0m  [["id", 1], ["LIMIT", 1]]
  Rendered layouts/_navbar.html.erb (2.0ms) [cache miss]
  Rendered layouts/_messages.html.erb (0.4ms) [cache miss]
Completed 200 OK in 56ms (Views: 52.5ms | ActiveRecord: 0.4ms)


Started GET "/rooms" for 127.0.0.1 at 2017-06-21 12:05:22 +0200
Processing by RoomsController#index as HTML
  [1m[36mUser Load (0.2ms)[0m  [1m[34mSELECT  "users".* FROM "users" WHERE "users"."id" = ? ORDER BY "users"."id" ASC LIMIT ?[0m  [["id", 1], ["LIMIT", 1]]
  Rendering rooms/index.html.erb within layouts/application
  [1m[36mRoom Load (0.1ms)[0m  [1m[34mSELECT "rooms".* FROM "rooms" WHERE "rooms"."user_id" = ?[0m  [["user_id", 1]]
  Rendered rooms/index.html.erb within layouts/application (2.5ms)
  Rendered layouts/_navbar.html.erb (1.0ms) [cache miss]
  Rendered layouts/_messages.html.erb (0.5ms) [cache miss]
Completed 200 OK in 54ms (Views: 51.9ms | ActiveRecord: 0.3ms)


Started GET "/" for 127.0.0.1 at 2017-06-21 12:05:24 +0200
Processing by StaticController#home as HTML
  [1m[36mUser Load (0.3ms)[0m  [1m[34mSELECT  "users".* FROM "users" WHERE "users"."id" = ? ORDER BY "users"."id" ASC LIMIT ?[0m  [["id", 1], ["LIMIT", 1]]
  Rendering static/home.html.erb within layouts/application
  [1m[36mRoom Load (0.2ms)[0m  [1m[34mSELECT "rooms".* FROM "rooms"[0m
  [1m[36mCity Load (0.1ms)[0m  [1m[34mSELECT  "cities".* FROM "cities" WHERE "cities"."id" = ? LIMIT ?[0m  [["id", 1], ["LIMIT", 1]]
  [1m[36mCity Load (0.1ms)[0m  [1m[34mSELECT  "cities".* FROM "cities" WHERE "cities"."id" = ? LIMIT ?[0m  [["id", 2], ["LIMIT", 1]]
  Rendered static/home.html.erb within layouts/application (3.5ms)
  Rendered layouts/_navbar.html.erb (0.8ms) [cache miss]
  Rendered layouts/_messages.html.erb (0.4ms) [cache miss]
Completed 200 OK in 62ms (Views: 57.5ms | ActiveRecord: 0.6ms)


Started GET "/rooms" for 127.0.0.1 at 2017-06-21 12:05:27 +0200
Processing by RoomsController#index as HTML
  [1m[36mUser Load (0.2ms)[0m  [1m[34mSELECT  "users".* FROM "users" WHERE "users"."id" = ? ORDER BY "users"."id" ASC LIMIT ?[0m  [["id", 1], ["LIMIT", 1]]
  Rendering rooms/index.html.erb within layouts/application
  [1m[36mRoom Load (0.1ms)[0m  [1m[34mSELECT "rooms".* FROM "rooms" WHERE "rooms"."user_id" = ?[0m  [["user_id", 1]]
  Rendered rooms/index.html.erb within layouts/application (2.9ms)
  Rendered layouts/_navbar.html.erb (0.8ms) [cache miss]
  Rendered layouts/_messages.html.erb (0.4ms) [cache miss]
Completed 200 OK in 60ms (Views: 57.4ms | ActiveRecord: 0.4ms)


Started GET "/rooms.json" for 127.0.0.1 at 2017-06-21 12:19:37 +0200
  [1m[35m (0.1ms)[0m  [1m[34mSELECT "schema_migrations"."version" FROM "schema_migrations" ORDER BY "schema_migrations"."version" ASC[0m
Processing by RoomsController#index as JSON
  [1m[36mUser Load (0.1ms)[0m  [1m[34mSELECT  "users".* FROM "users" WHERE "users"."id" = ? ORDER BY "users"."id" ASC LIMIT ?[0m  [["id", 1], ["LIMIT", 1]]
  [1m[36mRoom Load (0.1ms)[0m  [1m[34mSELECT "rooms".* FROM "rooms" WHERE "rooms"."user_id" = ?[0m  [["user_id", 1]]
[active_model_serializers] Rendered ActiveModel::Serializer::CollectionSerializer with ActiveModelSerializers::Adapter::Attributes (0.5ms)
Completed 200 OK in 64ms (Views: 23.8ms | ActiveRecord: 1.2ms)


Started GET "/rooms.json" for 127.0.0.1 at 2017-06-21 12:21:08 +0200
Processing by RoomsController#index as JSON
  [1m[36mUser Load (0.2ms)[0m  [1m[34mSELECT  "users".* FROM "users" WHERE "users"."id" = ? ORDER BY "users"."id" ASC LIMIT ?[0m  [["id", 1], ["LIMIT", 1]]
  [1m[36mRoom Load (0.2ms)[0m  [1m[34mSELECT "rooms".* FROM "rooms" WHERE "rooms"."user_id" = ?[0m  [["user_id", 1]]
[active_model_serializers]   [1m[36mReservation Load (0.2ms)[0m  [1m[34mSELECT "reservations".* FROM "reservations" WHERE "reservations"."room_id" = ?[0m  [["room_id", 1]]
[active_model_serializers]   [1m[36mReservation Load (0.4ms)[0m  [1m[34mSELECT "reservations".* FROM "reservations" WHERE "reservations"."room_id" = ?[0m  [["room_id", 2]]
[active_model_serializers] No serializer found for resource: #<Reservation id: 1, user_id: 1, room_id: 2, start_date: "2017-06-30 00:00:00", end_date: "2017-07-31 00:00:00", price: 50000, total: nil, created_at: "2017-06-21 09:24:25", updated_at: "2017-06-21 09:24:25">
[active_model_serializers] No serializer found for resource: #<Reservation id: 1, user_id: 1, room_id: 2, start_date: "2017-06-30 00:00:00", end_date: "2017-07-31 00:00:00", price: 50000, total: nil, created_at: "2017-06-21 09:24:25", updated_at: "2017-06-21 09:24:25">
[active_model_serializers] Rendered ActiveModel::Serializer::CollectionSerializer with ActiveModelSerializers::Adapter::Attributes (39.28ms)
Completed 200 OK in 97ms (Views: 69.8ms | ActiveRecord: 2.9ms)


